# JRE version: Java(TM) SE Runtime Environment (7.0_45-b18) (build 1.7.0_45-b18)
# Java VM: Java HotSpot(TM) 64-Bit Server VM (24.45-b08 mixed mode windows-amd64 compressed oops)
Heap
 PSYoungGen      total 313344K, used 87949K [0x00000000eae00000, 0x00000000ffe00000, 0x0000000100000000)
  eden space 300032K, 24% used [0x00000000eae00000,0x00000000ef72e5f0,0x00000000fd300000)
  from space 13312K, 97% used [0x00000000fd300000,0x00000000fdfb4f18,0x00000000fe000000)
  to   space 22016K, 0% used [0x00000000fe880000,0x00000000fe880000,0x00000000ffe00000)
 ParOldGen       total 62464K, used 34508K [0x00000000c0a00000, 0x00000000c4700000, 0x00000000eae00000)
  object space 62464K, 55% used [0x00000000c0a00000,0x00000000c2bb31c8,0x00000000c4700000)
 PSPermGen       total 62976K, used 31309K [0x00000000bb800000, 0x00000000bf580000, 0x00000000c0a00000)
  object space 62976K, 49% used [0x00000000bb800000,0x00000000bd693640,0x00000000bf580000)
GC Heap History (10 events):
Event: 19.511 GC heap before
{Heap before GC invocations=8 (full 0):
 PSYoungGen      total 146944K, used 146932K [0x00000000eae00000, 0x00000000fd500000, 0x0000000100000000)
  eden space 135168K, 100% used [0x00000000eae00000,0x00000000f3200000,0x00000000f3200000)
  from space 11776K, 99% used [0x00000000f3200000,0x00000000f3d7d238,0x00000000f3d80000)
  to   space 15872K, 0% used [0x00000000fc580000,0x00000000fc580000,0x00000000fd500000)
 ParOldGen       total 43008K, used 25983K [0x00000000c0a00000, 0x00000000c3400000, 0x00000000eae00000)
  object space 43008K, 60% used [0x00000000c0a00000,0x00000000c235ff80,0x00000000c3400000)
 PSPermGen       total 31232K, used 31064K [0x00000000bb800000, 0x00000000bd680000, 0x00000000c0a00000)
  object space 31232K, 99% used [0x00000000bb800000,0x00000000bd6561d0,0x00000000bd680000)
Event: 19.534 GC heap after
Heap after GC invocations=8 (full 0):
 PSYoungGen      total 283136K, used 15870K [0x00000000eae00000, 0x00000000fdb00000, 0x0000000100000000)
  eden space 267264K, 0% used [0x00000000eae00000,0x00000000eae00000,0x00000000fb300000)
  from space 15872K, 99% used [0x00000000fc580000,0x00000000fd4ffae8,0x00000000fd500000)
  to   space 18944K, 0% used [0x00000000fb300000,0x00000000fb300000,0x00000000fc580000)
 ParOldGen       total 43008K, used 27808K [0x00000000c0a00000, 0x00000000c3400000, 0x00000000eae00000)
  object space 43008K, 64% used [0x00000000c0a00000,0x00000000c2528100,0x00000000c3400000)
 PSPermGen       total 31232K, used 31064K [0x00000000bb800000, 0x00000000bd680000, 0x00000000c0a00000)
  object space 31232K, 99% used [0x00000000bb800000,0x00000000bd6561d0,0x00000000bd680000)
}
Event: 43.851 GC heap before
{Heap before GC invocations=9 (full 0):
 PSYoungGen      total 283136K, used 283134K [0x00000000eae00000, 0x00000000fdb00000, 0x0000000100000000)
  eden space 267264K, 100% used [0x00000000eae00000,0x00000000fb300000,0x00000000fb300000)
  from space 15872K, 99% used [0x00000000fc580000,0x00000000fd4ffae8,0x00000000fd500000)
  to   space 18944K, 0% used [0x00000000fb300000,0x00000000fb300000,0x00000000fc580000)
 ParOldGen       total 43008K, used 27808K [0x00000000c0a00000, 0x00000000c3400000, 0x00000000eae00000)
  object space 43008K, 64% used [0x00000000c0a00000,0x00000000c2528100,0x00000000c3400000)
 PSPermGen       total 31232K, used 31212K [0x00000000bb800000, 0x00000000bd680000, 0x00000000c0a00000)
  object space 31232K, 99% used [0x00000000bb800000,0x00000000bd67b1c8,0x00000000bd680000)
Event: 43.871 GC heap after
Heap after GC invocations=9 (full 0):
 PSYoungGen      total 286208K, used 18927K [0x00000000eae00000, 0x0000000100000000, 0x0000000100000000)
  eden space 267264K, 0% used [0x00000000eae00000,0x00000000eae00000,0x00000000fb300000)
  from space 18944K, 99% used [0x00000000fb300000,0x00000000fc57bdd0,0x00000000fc580000)
  to   space 23552K, 0% used [0x00000000fe900000,0x00000000fe900000,0x0000000100000000)
 ParOldGen       total 43008K, used 32051K [0x00000000c0a00000, 0x00000000c3400000, 0x00000000eae00000)
  object space 43008K, 74% used [0x00000000c0a00000,0x00000000c294ceb8,0x00000000c3400000)
 PSPermGen       total 31232K, used 31212K [0x00000000bb800000, 0x00000000bd680000, 0x00000000c0a00000)
  object space 31232K, 99% used [0x00000000bb800000,0x00000000bd67b1c8,0x00000000bd680000)
}
Event: 65.427 GC heap before
{Heap before GC invocations=10 (full 0):
 PSYoungGen      total 286208K, used 286191K [0x00000000eae00000, 0x0000000100000000, 0x0000000100000000)
  eden space 267264K, 100% used [0x00000000eae00000,0x00000000fb300000,0x00000000fb300000)
  from space 18944K, 99% used [0x00000000fb300000,0x00000000fc57bdd0,0x00000000fc580000)
  to   space 23552K, 0% used [0x00000000fe900000,0x00000000fe900000,0x0000000100000000)
 ParOldGen       total 43008K, used 32051K [0x00000000c0a00000, 0x00000000c3400000, 0x00000000eae00000)
  object space 43008K, 74% used [0x00000000c0a00000,0x00000000c294ceb8,0x00000000c3400000)
 PSPermGen       total 31744K, used 31288K [0x00000000bb800000, 0x00000000bd700000, 0x00000000c0a00000)
  object space 31744K, 98% used [0x00000000bb800000,0x00000000bd68e2c8,0x00000000bd700000)
Event: 65.439 GC heap after
Heap after GC invocations=10 (full 0):
 PSYoungGen      total 323584K, used 11682K [0x00000000eae00000, 0x0000000100000000, 0x0000000100000000)
  eden space 300032K, 0% used [0x00000000eae00000,0x00000000eae00000,0x00000000fd300000)
  from space 23552K, 49% used [0x00000000fe900000,0x00000000ff4689e8,0x0000000100000000)
  to   space 22528K, 0% used [0x00000000fd300000,0x00000000fd300000,0x00000000fe900000)
 ParOldGen       total 43008K, used 40007K [0x00000000c0a00000, 0x00000000c3400000, 0x00000000eae00000)
  object space 43008K, 93% used [0x00000000c0a00000,0x00000000c3111f18,0x00000000c3400000)
 PSPermGen       total 31744K, used 31288K [0x00000000bb800000, 0x00000000bd700000, 0x00000000c0a00000)
  object space 31744K, 98% used [0x00000000bb800000,0x00000000bd68e2c8,0x00000000bd700000)
}
Event: 65.439 GC heap before
{Heap before GC invocations=11 (full 1):
 PSYoungGen      total 323584K, used 11682K [0x00000000eae00000, 0x0000000100000000, 0x0000000100000000)
  eden space 300032K, 0% used [0x00000000eae00000,0x00000000eae00000,0x00000000fd300000)
  from space 23552K, 49% used [0x00000000fe900000,0x00000000ff4689e8,0x0000000100000000)
  to   space 22528K, 0% used [0x00000000fd300000,0x00000000fd300000,0x00000000fe900000)
 ParOldGen       total 43008K, used 40007K [0x00000000c0a00000, 0x00000000c3400000, 0x00000000eae00000)
  object space 43008K, 93% used [0x00000000c0a00000,0x00000000c3111f18,0x00000000c3400000)
 PSPermGen       total 31744K, used 31288K [0x00000000bb800000, 0x00000000bd700000, 0x00000000c0a00000)
  object space 31744K, 98% used [0x00000000bb800000,0x00000000bd68e2c8,0x00000000bd700000)
Event: 65.553 GC heap after
Heap after GC invocations=11 (full 1):
 PSYoungGen      total 323584K, used 0K [0x00000000eae00000, 0x0000000100000000, 0x0000000100000000)
  eden space 300032K, 0% used [0x00000000eae00000,0x00000000eae00000,0x00000000fd300000)
  from space 23552K, 0% used [0x00000000fe900000,0x00000000fe900000,0x0000000100000000)
  to   space 22528K, 0% used [0x00000000fd300000,0x00000000fd300000,0x00000000fe900000)
 ParOldGen       total 62464K, used 34508K [0x00000000c0a00000, 0x00000000c4700000, 0x00000000eae00000)
  object space 62464K, 55% used [0x00000000c0a00000,0x00000000c2bb31c8,0x00000000c4700000)
 PSPermGen       total 62976K, used 31219K [0x00000000bb800000, 0x00000000bf580000, 0x00000000c0a00000)
  object space 62976K, 49% used [0x00000000bb800000,0x00000000bd67cd08,0x00000000bf580000)
}
Event: 91.404 GC heap before
{Heap before GC invocations=12 (full 1):
 PSYoungGen      total 323584K, used 300032K [0x00000000eae00000, 0x0000000100000000, 0x0000000100000000)
  eden space 300032K, 100% used [0x00000000eae00000,0x00000000fd300000,0x00000000fd300000)
  from space 23552K, 0% used [0x00000000fe900000,0x00000000fe900000,0x0000000100000000)
  to   space 22528K, 0% used [0x00000000fd300000,0x00000000fd300000,0x00000000fe900000)
 ParOldGen       total 62464K, used 34508K [0x00000000c0a00000, 0x00000000c4700000, 0x00000000eae00000)
  object space 62464K, 55% used [0x00000000c0a00000,0x00000000c2bb31c8,0x00000000c4700000)
 PSPermGen       total 62976K, used 31303K [0x00000000bb800000, 0x00000000bf580000, 0x00000000c0a00000)
  object space 62976K, 49% used [0x00000000bb800000,0x00000000bd691c38,0x00000000bf580000)
Event: 91.412 GC heap after
Heap after GC invocations=12 (full 1):
 PSYoungGen      total 313344K, used 13011K [0x00000000eae00000, 0x00000000ffe00000, 0x0000000100000000)
  eden space 300032K, 0% used [0x00000000eae00000,0x00000000eae00000,0x00000000fd300000)
  from space 13312K, 97% used [0x00000000fd300000,0x00000000fdfb4f18,0x00000000fe000000)
  to   space 22016K, 0% used [0x00000000fe880000,0x00000000fe880000,0x00000000ffe00000)
 ParOldGen       total 62464K, used 34508K [0x00000000c0a00000, 0x00000000c4700000, 0x00000000eae00000)
  object space 62464K, 55% used [0x00000000c0a00000,0x00000000c2bb31c8,0x00000000c4700000)
 PSPermGen       total 62976K, used 31303K [0x00000000bb800000, 0x00000000bf580000, 0x00000000c0a00000)
  object space 62976K, 49% used [0x00000000bb800000,0x00000000bd691c38,0x00000000bf580000)
}

